<?xml version="1.0" encoding="UTF-8"?>
<testsuite name="petstore.Pet" tests="4" skipped="0" failures="0" errors="0" timestamp="2021-09-07T12:47:43" hostname="SAOLF193" time="9.213">
  <properties/>
  <testcase name="incluir_pet" classname="petstore.Pet" time="6.643"/>
  <testcase name="consultarPet" classname="petstore.Pet" time="0.888"/>
  <testcase name="alterarPet" classname="petstore.Pet" time="0.844"/>
  <testcase name="excluirPet" classname="petstore.Pet" time="0.834"/>
  <system-out><![CDATA[Request method:	POST
Request URI:	https://petstore.swagger.io/v2/pet
Proxy:			<none>
Request params:	<none>
Query params:	<none>
Form params:	<none>
Path params:	<none>
Headers:		Accept=*/*
				Content-Type=application/json; charset=UTF-8
Cookies:		<none>
Multiparts:		<none>
Body:
{
    "id": 1991030830,
    "category": {
        "id": 1,
        "name": "132NC456DP"
    },
    "name": "klaus",
    "photoUrls": [
        "https://www.google.com/url?sa=i&url=https%3A%2F%2Fwww.petz.com.br%2Fblog%2Fespecies%2Faves%2Fcomo-criar-um-papagaio%2F&psig=AOvVaw0ppF4cJp4TOmjz2pR62gg2&ust=1628814652052000&source=images&cd=vfe&ved=0CAsQjRxqFwoTCLC558idqvICFQAAAAAdAAAAABAD"
    ],
    "tags": [
        {
            "id": 2021123,
            "name": "token"
        }
    ],
    "status": "available"
}
HTTP/1.1 200 OK
Date: Tue, 07 Sep 2021 12:47:50 GMT
Content-Type: application/json
Transfer-Encoding: chunked
Connection: keep-alive
Access-Control-Allow-Origin: *
Access-Control-Allow-Methods: GET, POST, DELETE, PUT
Access-Control-Allow-Headers: Content-Type, api_key, Authorization
Server: Jetty(9.2.9.v20150224)

{
    "id": 1991030830,
    "category": {
        "id": 1,
        "name": "132NC456DP"
    },
    "name": "klaus",
    "photoUrls": [
        "https://www.google.com/url?sa=i&url=https%3A%2F%2Fwww.petz.com.br%2Fblog%2Fespecies%2Faves%2Fcomo-criar-um-papagaio%2F&psig=AOvVaw0ppF4cJp4TOmjz2pR62gg2&ust=1628814652052000&source=images&cd=vfe&ved=0CAsQjRxqFwoTCLC558idqvICFQAAAAAdAAAAABAD"
    ],
    "tags": [
        {
            "id": 2021123,
            "name": "token"
        }
    ],
    "status": "available"
}
Request method:	GET
Request URI:	https://petstore.swagger.io/v2/pet/1991030830
Proxy:			<none>
Request params:	<none>
Query params:	<none>
Form params:	<none>
Path params:	<none>
Headers:		Accept=*/*
				Content-Type=application/json; charset=UTF-8
Cookies:		<none>
Multiparts:		<none>
Body:			<none>
HTTP/1.1 200 OK
Date: Tue, 07 Sep 2021 12:47:52 GMT
Content-Type: application/json
Transfer-Encoding: chunked
Connection: keep-alive
Access-Control-Allow-Origin: *
Access-Control-Allow-Methods: GET, POST, DELETE, PUT
Access-Control-Allow-Headers: Content-Type, api_key, Authorization
Server: Jetty(9.2.9.v20150224)

{
    "id": 1991030830,
    "category": {
        "id": 1,
        "name": "132NC456DP"
    },
    "name": "klaus",
    "photoUrls": [
        "https://www.google.com/url?sa=i&url=https%3A%2F%2Fwww.petz.com.br%2Fblog%2Fespecies%2Faves%2Fcomo-criar-um-papagaio%2F&psig=AOvVaw0ppF4cJp4TOmjz2pR62gg2&ust=1628814652052000&source=images&cd=vfe&ved=0CAsQjRxqFwoTCLC558idqvICFQAAAAAdAAAAABAD"
    ],
    "tags": [
        {
            "id": 2021123,
            "name": "token"
        }
    ],
    "status": "available"
}
O token é 132NC456DP
Request method:	PUT
Request URI:	https://petstore.swagger.io/v2/pet
Proxy:			<none>
Request params:	<none>
Query params:	<none>
Form params:	<none>
Path params:	<none>
Headers:		Accept=*/*
				Content-Type=application/json; charset=UTF-8
Cookies:		<none>
Multiparts:		<none>
Body:
{
    "id": 1991030830,
    "category": {
        "id": 1,
        "name": "132NC456DP"
    },
    "name": "klaus",
    "photoUrls": [
        "https://www.google.com/url?sa=i&url=https%3A%2F%2Fwww.petz.com.br%2Fblog%2Fespecies%2Faves%2Fcomo-criar-um-papagaio%2F&psig=AOvVaw0ppF4cJp4TOmjz2pR62gg2&ust=1628814652052000&source=images&cd=vfe&ved=0CAsQjRxqFwoTCLC558idqvICFQAAAAAdAAAAABAD"
    ],
    "tags": [
        {
            "id": 2021123,
            "name": "token"
        }
    ],
    "status": "unavailable"
}
HTTP/1.1 200 OK
Date: Tue, 07 Sep 2021 12:47:53 GMT
Content-Type: application/json
Transfer-Encoding: chunked
Connection: keep-alive
Access-Control-Allow-Origin: *
Access-Control-Allow-Methods: GET, POST, DELETE, PUT
Access-Control-Allow-Headers: Content-Type, api_key, Authorization
Server: Jetty(9.2.9.v20150224)

{
    "id": 1991030830,
    "category": {
        "id": 1,
        "name": "132NC456DP"
    },
    "name": "klaus",
    "photoUrls": [
        "https://www.google.com/url?sa=i&url=https%3A%2F%2Fwww.petz.com.br%2Fblog%2Fespecies%2Faves%2Fcomo-criar-um-papagaio%2F&psig=AOvVaw0ppF4cJp4TOmjz2pR62gg2&ust=1628814652052000&source=images&cd=vfe&ved=0CAsQjRxqFwoTCLC558idqvICFQAAAAAdAAAAABAD"
    ],
    "tags": [
        {
            "id": 2021123,
            "name": "token"
        }
    ],
    "status": "unavailable"
}
Request method:	DELETE
Request URI:	https://petstore.swagger.io/v2/pet/1991030830
Proxy:			<none>
Request params:	<none>
Query params:	<none>
Form params:	<none>
Path params:	<none>
Headers:		Accept=*/*
				Content-Type=application/json; charset=UTF-8
Cookies:		<none>
Multiparts:		<none>
Body:			<none>
HTTP/1.1 200 OK
Date: Tue, 07 Sep 2021 12:47:53 GMT
Content-Type: application/json
Transfer-Encoding: chunked
Connection: keep-alive
Access-Control-Allow-Origin: *
Access-Control-Allow-Methods: GET, POST, DELETE, PUT
Access-Control-Allow-Headers: Content-Type, api_key, Authorization
Server: Jetty(9.2.9.v20150224)

{
    "code": 200,
    "type": "unknown",
    "message": "1991030830"
}
]]></system-out>
  <system-err><![CDATA[]]></system-err>
</testsuite>
